11:08:19 **** Build of configuration release for project Ex01 ****
make MODE=release all 
make: Nothing to be done for 'all'.
12:50:13 **** Build of configuration release for project Ex02 ****
make MODE=release all 
make: Nothing to be done for 'all'.
12:50:45 **** Incremental Build of configuration release for project Ex02 ****
make MODE=release all 
make: Nothing to be done for 'all'.
12:52:36 **** Incremental Build of configuration release for project Ex02 ****
make MODE=release all 
make: Nothing to be done for 'all'.
12:53:05 **** Incremental Build of configuration release for project Ex02 ****
make MODE=release all 
make: Nothing to be done for 'all'.
15:30:35 **** Build of configuration gcc-release for project Ex04 ****
make MODE=release -j16 all 
make[1]: Entering directory '/c/Users/faisa/OneDrive/Desktop/project/Ex04/src'
make[1]: Nothing to be done for 'all'.
make[1]: Leaving directory '/c/Users/faisa/OneDrive/Desktop/project/Ex04/src'
15:35:20 **** Incremental Build of configuration release for project Ex02 ****
make MODE=release all 
Ex2.cc
Creating executable: out/clang-release//Ex02.exe
16:57:14 **** Incremental Build of configuration gcc-release for project Ex04 ****
make MODE=release -j16 all 
make[1]: Entering directory '/c/Users/faisa/OneDrive/Desktop/project/Ex04/src'
make[1]: Nothing to be done for 'all'.
make[1]: Leaving directory '/c/Users/faisa/OneDrive/Desktop/project/Ex04/src'
10:29:30 **** Incremental Build of configuration release for project Ex01 ****
make MODE=release all 
make: Nothing to be done for 'all'.
10:33:02 **** Incremental Build of configuration release for project Ex01 ****
make MODE=release all 
make: Nothing to be done for 'all'.
10:34:43 **** Incremental Build of configuration release for project Ex02 ****
make MODE=release all 
make: Nothing to be done for 'all'.
11:46:02 **** Incremental Build of configuration gcc-release for project Ex04 ****
make MODE=release -j16 all 
make[1]: Entering directory '/c/Users/faisa/OneDrive/Desktop/project/Ex04/src'
make[1]: Nothing to be done for 'all'.
make[1]: Leaving directory '/c/Users/faisa/OneDrive/Desktop/project/Ex04/src'
11:52:05 **** Incremental Build of configuration gcc-release for project Ex04 ****
make MODE=release -j16 all 
make[1]: Entering directory '/c/Users/faisa/OneDrive/Desktop/project/Ex04/src'
make[1]: Nothing to be done for 'all'.
make[1]: Leaving directory '/c/Users/faisa/OneDrive/Desktop/project/Ex04/src'
